<?xml version="1.0" encoding="UTF-8"?>
<!-- Generated by org.testng.reporters.JUnitReportReporter -->
<testsuite hostname="SugahSugah" failures="0" tests="3" name="rest_assured.Class_02" time="4.350" errors="0" timestamp="2023-01-03T18:31:53 IST" skipped="0">
  <testcase classname="rest_assured.Class_02" name="Create_Board" time="2.542"/>
  <system-out/>
  <testcase classname="rest_assured.Class_02" name="Get_Boards" time="0.890"/>
  <system-out/>
  <testcase classname="rest_assured.Class_02" name="Update_a_Board" time="0.918"/>
  <system-out/>
</testsuite> <!-- rest_assured.Class_02 -->
