<?xml version="1.0" encoding="UTF-8"?>
<!-- Generated by org.testng.reporters.JUnitReportReporter -->
<testsuite hostname="SugahSugah" failures="0" tests="7" name="rest_assured.Class_01" time="1.149" errors="0" timestamp="2023-01-03T11:06:46 IST" skipped="6">
  <testcase classname="rest_assured.Class_01" name="testcase7" time="1.149"/>
  <system-out/>
  <testcase classname="rest_assured.Class_01" name="testcase1">
    <skipped/>
  </testcase> <!-- testcase1 -->
  <system-out/>
  <testcase classname="rest_assured.Class_01" name="testcase6">
    <skipped/>
  </testcase> <!-- testcase6 -->
  <system-out/>
  <testcase classname="rest_assured.Class_01" name="testcase2">
    <skipped/>
  </testcase> <!-- testcase2 -->
  <system-out/>
  <testcase classname="rest_assured.Class_01" name="testcase3">
    <skipped/>
  </testcase> <!-- testcase3 -->
  <system-out/>
  <testcase classname="rest_assured.Class_01" name="testcase4">
    <skipped/>
  </testcase> <!-- testcase4 -->
  <system-out/>
  <testcase classname="rest_assured.Class_01" name="testcase5">
    <skipped/>
  </testcase> <!-- testcase5 -->
  <system-out/>
</testsuite> <!-- rest_assured.Class_01 -->
